<?xml version="1.0" encoding="UTF-8"?>
<!-- Generated by org.testng.reporters.JUnitReportReporter -->
<testsuite hostname="DESKTOP-A2R1E8A" failures="0" tests="1" name="tests.VerifynotenumbermentionedonIncomestatementhashyperlinkwhichredirectFA69657_DefaultProfile" time="133.417" errors="0" timestamp="2021-08-11T11:55:57 IST" skipped="0">
  <testcase classname="tests.VerifynotenumbermentionedonIncomestatementhashyperlinkwhichredirectFA69657_DefaultProfile" name="GoToUrlAssertUrlPositiveEnterUsernameEnterPaswordClickLoginButtonPositiveEnterAgentNameClickS" time="133.417"/>
  <system-out/>
</testsuite> <!-- tests.VerifynotenumbermentionedonIncomestatementhashyperlinkwhichredirectFA69657_DefaultProfile -->
