<?xml version="1.0" encoding="UTF-8"?>
<!-- Generated by org.testng.reporters.JUnitReportReporter -->
<testsuite hostname="DESKTOP-A2R1E8A" failures="0" tests="1" name="tests.VerifyregisteredofficeaddressappearingoncompanyinformationpageFA69718_DefaultProfile" time="65.440" errors="0" timestamp="2021-04-02T15:27:09 IST" skipped="0">
  <testcase classname="tests.VerifyregisteredofficeaddressappearingoncompanyinformationpageFA69718_DefaultProfile" name="GoToUrlAssertUrlPositiveEnterUsernamePositiveEnterPasswordClickLoginButtonPositiveEnterAgentNa" time="65.440"/>
  <system-out/>
</testsuite> <!-- tests.VerifyregisteredofficeaddressappearingoncompanyinformationpageFA69718_DefaultProfile -->
