<?xml version="1.0" encoding="UTF-8"?>
<!-- Generated by org.testng.reporters.JUnitReportReporter -->
<testsuite hostname="DESKTOP-A2R1E8A" failures="0" tests="1" name="tests.SellinganddistributionexpensesFA775_DefaultProfile" time="147.579" errors="0" timestamp="2021-06-04T19:05:31 IST" skipped="0">
  <testcase classname="tests.SellinganddistributionexpensesFA775_DefaultProfile" name="GoToUrlAssertUrlClickSellinganddistributionexpenseslink" time="147.579"/>
  <system-out/>
</testsuite> <!-- tests.SellinganddistributionexpensesFA775_DefaultProfile -->
