<?xml version="1.0" encoding="UTF-8"?>
<!-- Generated by org.testng.reporters.JUnitReportReporter -->
<testsuite hostname="DESKTOP-A2R1E8A" failures="0" tests="1" name="tests.VerifyEditbuttonmustnotbeworkingforOverpaymentsandrepaymentsincasereturnFA71515_DefaultProfile" time="84.122" errors="0" timestamp="2021-05-20T19:03:57 IST" skipped="0">
  <testcase classname="tests.VerifyEditbuttonmustnotbeworkingforOverpaymentsandrepaymentsincasereturnFA71515_DefaultProfile" name="GoToUrlAssertUrlPositiveEnterUsernamePositiveEnterPasswordClickLoginButtonPositiveEnterAgentNa" time="84.122"/>
  <system-out/>
</testsuite> <!-- tests.VerifyEditbuttonmustnotbeworkingforOverpaymentsandrepaymentsincasereturnFA71515_DefaultProfile -->
