<?xml version="1.0" encoding="UTF-8"?>
<!-- Generated by org.testng.reporters.JUnitReportReporter -->
<testsuite hostname="DESKTOP-A2R1E8A" failures="0" tests="1" name="tests.VerifybalancesheetfootnoteappearanceonstatementoffinancialpositionpageFA69661_DefaultProfile" time="132.737" errors="0" timestamp="2021-08-11T11:55:57 IST" skipped="0">
  <testcase classname="tests.VerifybalancesheetfootnoteappearanceonstatementoffinancialpositionpageFA69661_DefaultProfile" name="GoToUrlAssertUrlPositiveEnterUsernameEnterPaswordClickLoginButtonPositiveEnterAgentNameClickS" time="132.737"/>
  <system-out/>
</testsuite> <!-- tests.VerifybalancesheetfootnoteappearanceonstatementoffinancialpositionpageFA69661_DefaultProfile -->
