<?xml version="1.0" encoding="UTF-8"?>
<!-- Generated by org.testng.reporters.JUnitReportReporter -->
<testsuite hostname="DESKTOP-A2R1E8A" failures="0" tests="1" name="tests.DetailedIncomeStatementOthercharges35_DefaultProfile" time="113.390" errors="0" timestamp="2021-08-12T06:18:15 IST" skipped="0">
  <testcase classname="tests.DetailedIncomeStatementOthercharges35_DefaultProfile" name="GoToUrlAssertUrl" time="113.390"/>
  <system-out/>
</testsuite> <!-- tests.DetailedIncomeStatementOthercharges35_DefaultProfile -->
