<?xml version="1.0" encoding="UTF-8"?>
<!-- Generated by org.testng.reporters.JUnitReportReporter -->
<testsuite hostname="DESKTOP-A2R1E8A" failures="0" tests="1" name="tests.VerifyregistrationnumberappearingoncoverpageFA6951_DefaultProfile" time="58.771" errors="0" timestamp="2021-04-29T06:34:31 IST" skipped="0">
  <testcase classname="tests.VerifyregistrationnumberappearingoncoverpageFA6951_DefaultProfile" name="GoToUrlAssertUrlPositiveEnterUsernamePositiveEnterPasswordClickLoginButtonPositiveEnterAgentNa" time="58.771"/>
  <system-out/>
</testsuite> <!-- tests.VerifyregistrationnumberappearingoncoverpageFA6951_DefaultProfile -->
