<?xml version="1.0" encoding="UTF-8"?>
<!-- Generated by org.testng.reporters.JUnitReportReporter -->
<testsuite hostname="DESKTOP-A2R1E8A" failures="0" tests="1" name="tests.VerifyOverpaymentsandrepaymentsiseditableafterunlockingthereturnFA71516_DefaultProfile" time="85.114" errors="0" timestamp="2021-05-20T19:03:57 IST" skipped="0">
  <testcase classname="tests.VerifyOverpaymentsandrepaymentsiseditableafterunlockingthereturnFA71516_DefaultProfile" name="GoToUrlAssertUrlPositiveEnterUsernamePositiveEnterPasswordClickLoginButtonPositiveEnterAgentNa" time="85.114"/>
  <system-out/>
</testsuite> <!-- tests.VerifyOverpaymentsandrepaymentsiseditableafterunlockingthereturnFA71516_DefaultProfile -->
