<?xml version="1.0" encoding="UTF-8"?>
<!-- Generated by org.testng.reporters.JUnitReportReporter -->
<testsuite hostname="OB-Nom34" failures="0" tests="1" name="tests.Costofrawmaterialsandconsumables1FA775_DefaultProfile" time="82.946" errors="0" timestamp="2021-10-04T10:28:14 IST" skipped="0">
  <testcase classname="tests.Costofrawmaterialsandconsumables1FA775_DefaultProfile" name="GoToUrlAssertUrl" time="82.946"/>
  <system-out/>
</testsuite> <!-- tests.Costofrawmaterialsandconsumables1FA775_DefaultProfile -->
