<?xml version="1.0" encoding="UTF-8"?>
<!-- Generated by org.testng.reporters.JUnitReportReporter -->
<testsuite hostname="DESKTOP-A2R1E8A" failures="0" tests="1" name="tests.Othercharges27FA775_DefaultProfile" time="116.624" errors="0" timestamp="2021-08-12T06:18:15 IST" skipped="0">
  <testcase classname="tests.Othercharges27FA775_DefaultProfile" name="GoToUrlAssertUrl" time="116.624"/>
  <system-out/>
</testsuite> <!-- tests.Othercharges27FA775_DefaultProfile -->
