<?xml version="1.0" encoding="UTF-8"?>
<!-- Generated by org.testng.reporters.JUnitReportReporter -->
<testsuite hostname="DESKTOP-A2R1E8A" failures="1" tests="1" name="tests.VerifyRDenhancedallowanceNCTA045inProfitlossAdjustmentsisnoteditableFA7155_DefaultProfile" time="14.279" errors="0" timestamp="2021-05-20T19:03:57 IST" skipped="0">
  <testcase classname="tests.VerifyRDenhancedallowanceNCTA045inProfitlossAdjustmentsisnoteditableFA7155_DefaultProfile" name="GoToUrlAssertUrlPositiveEnterUsernamePositiveEntercPasswordClickLoginButtonPositiveEnterAgentN" time="14.279">
    <failure message="Expecting URL - http://sandbox4.nomismasolution.co.uk/AccountUI/CTPreview.aspx?FYCode=52443&amp;CompanyCode=13249 Found http://sandbox4.nomismasolution.co.uk/ssoui/Signin.aspx?token=85467db6-425f-46e2-9192-ef2efd40a60a" type="java.lang.AssertionError">
      <![CDATA[java.lang.AssertionError: Expecting URL - http://sandbox4.nomismasolution.co.uk/AccountUI/CTPreview.aspx?FYCode=52443&CompanyCode=13249 Found http://sandbox4.nomismasolution.co.uk/ssoui/Signin.aspx?token=85467db6-425f-46e2-9192-ef2efd40a60a
at org.testng.Assert.fail(Assert.java:97)
at pages.Verify_RD_enhanced_allowanceNCTA045_in_Profitloss_Adjustments_is_not_editableFA7155.AssertUrl(Verify_RD_enhanced_allowanceNCTA045_in_Profitloss_Adjustments_is_not_editableFA7155.java:89)
at tests.VerifyRDenhancedallowanceNCTA045inProfitlossAdjustmentsisnoteditableFA7155_DefaultProfile.GoToUrlAssertUrlPositiveEnterUsernamePositiveEntercPasswordClickLoginButtonPositiveEnterAgentN(VerifyRDenhancedallowanceNCTA045inProfitlossAdjustmentsisnoteditableFA7155_DefaultProfile.java:43)
at java.base/jdk.internal.reflect.NativeMethodAccessorImpl.invoke0(Native Method)
at java.base/jdk.internal.reflect.NativeMethodAccessorImpl.invoke(NativeMethodAccessorImpl.java:62)
at java.base/jdk.internal.reflect.DelegatingMethodAccessorImpl.invoke(DelegatingMethodAccessorImpl.java:43)
at java.base/java.lang.reflect.Method.invoke(Method.java:566)
at org.testng.internal.MethodInvocationHelper.invokeMethod(MethodInvocationHelper.java:134)
at org.testng.internal.TestInvoker.invokeMethod(TestInvoker.java:597)
at org.testng.internal.TestInvoker.invokeTestMethod(TestInvoker.java:173)
at org.testng.internal.MethodRunner.runInSequence(MethodRunner.java:46)
at org.testng.internal.TestInvoker$MethodInvocationAgent.invoke(TestInvoker.java:816)
at org.testng.internal.TestInvoker.invokeTestMethods(TestInvoker.java:146)
at org.testng.internal.TestMethodWorker.invokeTestMethods(TestMethodWorker.java:146)
at org.testng.internal.TestMethodWorker.run(TestMethodWorker.java:128)
at java.base/java.util.ArrayList.forEach(ArrayList.java:1540)
at org.testng.TestRunner.privateRun(TestRunner.java:766)
at org.testng.TestRunner.run(TestRunner.java:587)
at org.testng.SuiteRunner.runTest(SuiteRunner.java:384)
at org.testng.SuiteRunner.runSequentially(SuiteRunner.java:378)
at org.testng.SuiteRunner.privateRun(SuiteRunner.java:337)
at org.testng.SuiteRunner.run(SuiteRunner.java:286)
at org.testng.SuiteRunnerWorker.runSuite(SuiteRunnerWorker.java:53)
at org.testng.SuiteRunnerWorker.run(SuiteRunnerWorker.java:96)
at org.testng.TestNG.runSuitesSequentially(TestNG.java:1187)
at org.testng.TestNG.runSuitesLocally(TestNG.java:1109)
at org.testng.TestNG.runSuites(TestNG.java:1039)
at org.testng.TestNG.run(TestNG.java:1007)
at org.testng.remote.AbstractRemoteTestNG.run(AbstractRemoteTestNG.java:115)
at org.testng.remote.RemoteTestNG.initAndRun(RemoteTestNG.java:251)
at org.testng.remote.RemoteTestNG.main(RemoteTestNG.java:77)
]]>
    </failure>
  </testcase> <!-- GoToUrlAssertUrlPositiveEnterUsernamePositiveEntercPasswordClickLoginButtonPositiveEnterAgentN -->
  <system-out/>
</testsuite> <!-- tests.VerifyRDenhancedallowanceNCTA045inProfitlossAdjustmentsisnoteditableFA7155_DefaultProfile -->
