<?xml version="1.0" encoding="UTF-8"?>
<!-- Generated by org.testng.reporters.JUnitReportReporter -->
<testsuite hostname="DESKTOP-A2R1E8A" failures="0" tests="1" name="tests.VerifylockandunlockbuttonstatusofSubmitscreenFA7151_DefaultProfile" time="53.362" errors="0" timestamp="2021-05-20T19:03:57 IST" skipped="0">
  <testcase classname="tests.VerifylockandunlockbuttonstatusofSubmitscreenFA7151_DefaultProfile" name="PositiveEnterUsernamePositiveEnterPasswordClickLoginButtonPositiveEnterAgentNameClickSearchbutt" time="53.362"/>
  <system-out/>
</testsuite> <!-- tests.VerifylockandunlockbuttonstatusofSubmitscreenFA7151_DefaultProfile -->
