<?xml version="1.0" encoding="UTF-8"?>
<!-- Generated by org.testng.reporters.JUnitReportReporter -->
<testsuite hostname="OB-Nom34" failures="0" tests="1" name="tests.Costofrawmaterialsandconsumables2FA775_DefaultProfile" time="95.753" errors="0" timestamp="2021-10-06T10:07:40 IST" skipped="0">
  <testcase classname="tests.Costofrawmaterialsandconsumables2FA775_DefaultProfile" name="GoToUrlAssertUrl" time="95.753"/>
  <system-out/>
</testsuite> <!-- tests.Costofrawmaterialsandconsumables2FA775_DefaultProfile -->
