<?xml version="1.0" encoding="UTF-8"?>
<!-- Generated by org.testng.reporters.JUnitReportReporter -->
<testsuite hostname="DESKTOP-A2R1E8A" failures="0" tests="8" name="tests.FA775Newclient_DefaultProfile" time="643.709" errors="0" timestamp="2021-08-12T06:18:15 IST" skipped="0">
  <testcase classname="tests.FA775Newclient_DefaultProfile" name="GoToUrlAssertUrlPositiveEnterUsernamePositiveEnterPasswordClickLoginButtonPositiveEnterAgentNa1" time="91.820"/>
  <system-out/>
  <testcase classname="tests.FA775Newclient_DefaultProfile" name="GoToUrlAssertUrlPositiveEnterUsernamePositiveEnterPasswordClickLoginButtonPositiveEnterAgentNa1111" time="74.295"/>
  <system-out/>
  <testcase classname="tests.FA775Newclient_DefaultProfile" name="GoToUrlAssertUrlPositiveEnterUsernamePositiveEnterPasswordClickLoginButtonPositiveEnterAgentNa1111111" time="77.093"/>
  <system-out/>
  <testcase classname="tests.FA775Newclient_DefaultProfile" name="GoToUrlAssertUrlPositiveEnterUsernamePositiveEnterPasswordClickLoginButtonPositiveEnterAgentNa11111" time="78.066"/>
  <system-out/>
  <testcase classname="tests.FA775Newclient_DefaultProfile" name="GoToUrlAssertUrlPositiveEnterUsernamePositiveEnterPasswordClickLoginButtonPositiveEnterAgentNa" time="79.701"/>
  <system-out/>
  <testcase classname="tests.FA775Newclient_DefaultProfile" name="GoToUrlAssertUrlPositiveEnterUsernamePositiveEnterPasswordClickLoginButtonPositiveEnterAgentNa111" time="74.184"/>
  <system-out/>
  <testcase classname="tests.FA775Newclient_DefaultProfile" name="GoToUrlAssertUrlPositiveEnterUsernamePositiveEnterPasswordClickLoginButtonPositiveEnterAgentNa111111" time="90.951"/>
  <system-out/>
  <testcase classname="tests.FA775Newclient_DefaultProfile" name="GoToUrlAssertUrlPositiveEnterUsernamePositiveEnterPasswordClickLoginButtonPositiveEnterAgentNa11" time="77.599"/>
  <system-out/>
</testsuite> <!-- tests.FA775Newclient_DefaultProfile -->
