<?xml version="1.0" encoding="UTF-8"?>
<!-- Generated by org.testng.reporters.JUnitReportReporter -->
<testsuite hostname="OB-Nom34" failures="0" tests="1" name="tests.Costofrawmaterialsandconsumables4FA775_DefaultProfile" time="114.612" errors="0" timestamp="2021-10-06T10:25:29 IST" skipped="0">
  <testcase classname="tests.Costofrawmaterialsandconsumables4FA775_DefaultProfile" name="GoToUrlAssertUrl" time="114.612"/>
  <system-out/>
</testsuite> <!-- tests.Costofrawmaterialsandconsumables4FA775_DefaultProfile -->
