<?xml version="1.0" encoding="UTF-8"?>
<!-- Generated by org.testng.reporters.JUnitReportReporter -->
<testsuite hostname="DESKTOP-A2R1E8A" failures="0" tests="1" name="tests.VerifyregistrationnumberappearingonCompanyInformationpageFA69416_DefaultProfile" time="101.678" errors="0" timestamp="2021-04-14T17:38:07 IST" skipped="0">
  <testcase classname="tests.VerifyregistrationnumberappearingonCompanyInformationpageFA69416_DefaultProfile" name="GoToUrlAssertUrlPositiveEnterUsernamePositiveEnterPasswordClickLoginButtonPositiveEnterAgentNa" time="101.678"/>
  <system-out/>
</testsuite> <!-- tests.VerifyregistrationnumberappearingonCompanyInformationpageFA69416_DefaultProfile -->
