<?xml version="1.0" encoding="UTF-8"?>
<!-- Generated by org.testng.reporters.JUnitReportReporter -->
<testsuite hostname="DESKTOP-A2R1E8A" failures="0" tests="1" name="tests.VerifyregistrationnumberappearingoncoverpageFA6941_DefaultProfile" time="157.847" errors="0" timestamp="2021-08-11T11:55:57 IST" skipped="0">
  <testcase classname="tests.VerifyregistrationnumberappearingoncoverpageFA6941_DefaultProfile" name="GoToUrlAssertUrlPositiveEnterUsernamePositiveEnterPasswordClickLoginButtonPositiveEnterAgentNa" time="157.847"/>
  <system-out/>
</testsuite> <!-- tests.VerifyregistrationnumberappearingoncoverpageFA6941_DefaultProfile -->
