<?xml version="1.0" encoding="UTF-8"?>
<!-- Generated by org.testng.reporters.JUnitReportReporter -->
<testsuite hostname="DESKTOP-A2R1E8A" failures="0" tests="1" name="tests.agentsearch1201_DefaultProfile" time="25.442" errors="0" timestamp="2021-01-13T18:55:26 IST" skipped="0">
  <testcase classname="tests.agentsearch1201_DefaultProfile" name="GoToUrlAssertUrlPositiveEnterUsernamePositiveEnterPasswordClickLoginButtonClickAgentsPositive" time="25.442"/>
  <system-out/>
</testsuite> <!-- tests.agentsearch1201_DefaultProfile -->
