<?xml version="1.0" encoding="UTF-8"?>
<!-- Generated by org.testng.reporters.JUnitReportReporter -->
<testsuite hostname="DESKTOP-A2R1E8A" failures="0" tests="1" name="tests.TaxFA775_DefaultProfile" time="104.822" errors="0" timestamp="2021-08-12T06:18:15 IST" skipped="0">
  <testcase classname="tests.TaxFA775_DefaultProfile" name="GoToUrlAssertUrlClickTax" time="104.822"/>
  <system-out/>
</testsuite> <!-- tests.TaxFA775_DefaultProfile -->
