<?xml version="1.0" encoding="UTF-8"?>
<!-- Generated by org.testng.reporters.JUnitReportReporter -->
<testsuite hostname="OB-Nom34" failures="0" tests="1" name="tests.Costofrawmaterialsandconsumables6FA775_DefaultProfile" time="115.308" errors="0" timestamp="2021-10-06T10:30:42 IST" skipped="0">
  <testcase classname="tests.Costofrawmaterialsandconsumables6FA775_DefaultProfile" name="GoToUrlAssertUrl" time="115.308"/>
  <system-out/>
</testsuite> <!-- tests.Costofrawmaterialsandconsumables6FA775_DefaultProfile -->
