<?xml version="1.0" encoding="UTF-8"?>
<!-- Generated by org.testng.reporters.JUnitReportReporter -->
<testsuite hostname="DESKTOP-A2R1E8A" failures="0" tests="1" name="tests.VerifydirectorsofthecompanyappearingondirectorreportpageFA69632_DefaultProfile" time="188.599" errors="0" timestamp="2021-08-11T03:45:25 IST" skipped="0">
  <testcase classname="tests.VerifydirectorsofthecompanyappearingondirectorreportpageFA69632_DefaultProfile" name="GoToUrlAssertUrlPositiveEnterUsernamePositiveEnterPasswordClickLoginButtonPositiveEnterAgentNa" time="188.599"/>
  <system-out/>
</testsuite> <!-- tests.VerifydirectorsofthecompanyappearingondirectorreportpageFA69632_DefaultProfile -->
