<?xml version="1.0" encoding="UTF-8"?>
<!-- Generated by org.testng.reporters.JUnitReportReporter -->
<testsuite hostname="DESKTOP-A2R1E8A" failures="0" tests="1" name="tests.Othercharges33FA775_DefaultProfile" time="98.543" errors="0" timestamp="2021-08-12T06:18:16 IST" skipped="0">
  <testcase classname="tests.Othercharges33FA775_DefaultProfile" name="GoToUrlAssertUrl" time="98.543"/>
  <system-out/>
</testsuite> <!-- tests.Othercharges33FA775_DefaultProfile -->
