<?xml version="1.0" encoding="UTF-8"?>
<!-- Generated by org.testng.reporters.JUnitReportReporter -->
<testsuite hostname="DESKTOP-A2R1E8A" failures="0" tests="1" name="tests.StaffcostsFA775_DefaultProfile" time="105.673" errors="0" timestamp="2021-08-12T06:18:15 IST" skipped="0">
  <testcase classname="tests.StaffcostsFA775_DefaultProfile" name="GoToUrlAssertUrlClickStaffCosts" time="105.673"/>
  <system-out/>
</testsuite> <!-- tests.StaffcostsFA775_DefaultProfile -->
