<?xml version="1.0" encoding="UTF-8"?>
<!-- Generated by org.testng.reporters.JUnitReportReporter -->
<testsuite hostname="DESKTOP-A2R1E8A" failures="0" tests="1" name="tests.Login1201_DefaultProfile" time="14.195" errors="0" timestamp="2021-01-13T18:02:24 IST" skipped="0">
  <testcase classname="tests.Login1201_DefaultProfile" name="GoToUrlAssertUrlPositiveEnterLoginPositiveEnterPasswordClickLoginButton" time="14.195"/>
  <system-out/>
</testsuite> <!-- tests.Login1201_DefaultProfile -->
