<?xml version="1.0" encoding="UTF-8"?>
<!-- Generated by org.testng.reporters.JUnitReportReporter -->
<testsuite hostname="DESKTOP-A2R1E8A" failures="0" tests="1" name="tests.VerifyFormCT600AiseditableafterunlockingthereturnFA71518_DefaultProfile" time="70.790" errors="0" timestamp="2021-05-20T19:03:57 IST" skipped="0">
  <testcase classname="tests.VerifyFormCT600AiseditableafterunlockingthereturnFA71518_DefaultProfile" name="GoToUrlAssertUrlPositiveEnterUsernamePositiveEnterPasswordClickLoginButtonPositiveEnterAgentNa" time="70.790"/>
  <system-out/>
</testsuite> <!-- tests.VerifyFormCT600AiseditableafterunlockingthereturnFA71518_DefaultProfile -->
