<?xml version="1.0" encoding="UTF-8"?>
<!-- Generated by org.testng.reporters.JUnitReportReporter -->
<testsuite hostname="DESKTOP-A2R1E8A" failures="0" tests="1" name="tests.VerifyrenamehasbeendoneFA6979_DefaultProfile" time="84.310" errors="0" timestamp="2021-08-11T12:55:53 IST" skipped="0">
  <testcase classname="tests.VerifyrenamehasbeendoneFA6979_DefaultProfile" name="GoToUrlAssertUrlPositiveEnterUsernamePositiveEnterPasswordClickLoginButtonPositiveEnterAgentNa" time="84.310"/>
  <system-out/>
</testsuite> <!-- tests.VerifyrenamehasbeendoneFA6979_DefaultProfile -->
