<?xml version="1.0" encoding="UTF-8"?>
<!-- Generated by org.testng.reporters.JUnitReportReporter -->
<testsuite hostname="DESKTOP-A2R1E8A" failures="0" tests="1" name="tests.DetailedIncomeStatementOthercharges2_DefaultProfile" time="114.073" errors="0" timestamp="2021-08-12T06:18:16 IST" skipped="0">
  <testcase classname="tests.DetailedIncomeStatementOthercharges2_DefaultProfile" name="GoToUrlAssertUrlClickDetailedIncomeStatementClickAmortisationofGoodwill" time="114.073"/>
  <system-out/>
</testsuite> <!-- tests.DetailedIncomeStatementOthercharges2_DefaultProfile -->
