<?xml version="1.0" encoding="UTF-8"?>
<!-- Generated by org.testng.reporters.JUnitReportReporter -->
<testsuite hostname="DESKTOP-A2R1E8A" failures="0" tests="1" name="tests.VerifydynamicfooterpagenationoncontentspageFA69711_DefaultProfile" time="84.503" errors="0" timestamp="2021-08-11T12:55:53 IST" skipped="0">
  <testcase classname="tests.VerifydynamicfooterpagenationoncontentspageFA69711_DefaultProfile" name="GoToUrlAssertUrlPositiveEnterUsernamePositiveEnterPasswordClickLoginButtonPositiveEnterAgentNa" time="84.503"/>
  <system-out/>
</testsuite> <!-- tests.VerifydynamicfooterpagenationoncontentspageFA69711_DefaultProfile -->
