<?xml version="1.0" encoding="UTF-8"?>
<!-- Generated by org.testng.reporters.JUnitReportReporter -->
<testsuite hostname="DESKTOP-A2R1E8A" failures="0" tests="1" name="tests.Login1_DefaultProfile" time="15.083" errors="0" timestamp="2021-01-06T20:44:40 IST" skipped="0">
  <testcase classname="tests.Login1_DefaultProfile" name="GoToUrlAssertUrlPositiveEnterUsernamePositiveEnterPassworddClickLOGINBUTTON" time="15.083"/>
  <system-out/>
</testsuite> <!-- tests.Login1_DefaultProfile -->
