<?xml version="1.0" encoding="UTF-8"?>
<!-- Generated by org.testng.reporters.JUnitReportReporter -->
<testsuite hostname="DESKTOP-A2R1E8A" failures="0" tests="1" name="tests.Loginnew_DefaultProfile" time="13.514" errors="0" timestamp="2021-01-11T14:58:02 IST" skipped="0">
  <testcase classname="tests.Loginnew_DefaultProfile" name="GoToUrlAssertUrlPositiveEnterctl00cPHloginPositiveEnterctl00cPHpassClickLogin" time="13.514"/>
  <system-out/>
</testsuite> <!-- tests.Loginnew_DefaultProfile -->
