<?xml version="1.0" encoding="UTF-8"?>
<!-- Generated by org.testng.reporters.JUnitReportReporter -->
<testsuite hostname="Nom-31" failures="0" tests="3" name="LedgerCodeCTProfitLoss.TC1LedgerCode_CTAdjstment_ProfitLoss" time="218.947" errors="0" timestamp="2022-02-03T17:07:33 IST" skipped="0">
  <testcase classname="LedgerCodeCTProfitLoss.TC1LedgerCode_CTAdjstment_ProfitLoss" name="LedgerCode_CTAdjstment_ProfitLoss_AmortisationLedger_debit" time="81.488"/>
  <system-out/>
  <testcase classname="LedgerCodeCTProfitLoss.TC1LedgerCode_CTAdjstment_ProfitLoss" name="LedgerCode_CTAdjstment_ProfitLoss_AmortisationLedger_credit" time="66.709"/>
  <system-out/>
  <testcase classname="LedgerCodeCTProfitLoss.TC1LedgerCode_CTAdjstment_ProfitLoss" name="LedgerCode_CTAdjstment_ProfitLoss_AmortisationLedger_Null" time="70.750"/>
  <system-out/>
</testsuite> <!-- LedgerCodeCTProfitLoss.TC1LedgerCode_CTAdjstment_ProfitLoss -->
