<?xml version="1.0" encoding="UTF-8"?>
<!-- Generated by org.testng.reporters.JUnitReportReporter -->
<testsuite hostname="DESKTOP-A2R1E8A" failures="0" tests="1" name="tests.Staffcosts4FA775_DefaultProfile" time="89.295" errors="0" timestamp="2021-06-08T18:19:57 IST" skipped="0">
  <testcase classname="tests.Staffcosts4FA775_DefaultProfile" name="GoToUrlAssertUrl" time="89.295"/>
  <system-out/>
</testsuite> <!-- tests.Staffcosts4FA775_DefaultProfile -->
