<?xml version="1.0" encoding="UTF-8"?>
<!-- Generated by org.testng.reporters.JUnitReportReporter -->
<testsuite hostname="DESKTOP-A2R1E8A" failures="1" tests="1" name="tests.Searchagent_DefaultProfile" time="15.289" errors="0" timestamp="2021-01-06T20:43:27 IST" skipped="0">
  <testcase classname="tests.Searchagent_DefaultProfile" name="GoToUrlAssertUrlClickAgentsPositiveEnterAgentnameClickSearchButtonClickClientname" time="15.289">
    <failure message="Expecting URL - http://sandbox.nomismasolution.co.uk/AgentUI/Default.aspx?p=true Found http://sandbox.nomismasolution.co.uk/ssoui/Signin.aspx?token=bfc93d72-1b59-4de7-a733-26cc9fe12598" type="java.lang.AssertionError">
      <![CDATA[java.lang.AssertionError: Expecting URL - http://sandbox.nomismasolution.co.uk/AgentUI/Default.aspx?p=true Found http://sandbox.nomismasolution.co.uk/ssoui/Signin.aspx?token=bfc93d72-1b59-4de7-a733-26cc9fe12598
at org.testng.Assert.fail(Assert.java:97)
at pages.Searchagent.AssertUrl(Searchagent.java:56)
at tests.Searchagent_DefaultProfile.GoToUrlAssertUrlClickAgentsPositiveEnterAgentnameClickSearchButtonClickClientname(Searchagent_DefaultProfile.java:34)
at java.base/jdk.internal.reflect.NativeMethodAccessorImpl.invoke0(Native Method)
at java.base/jdk.internal.reflect.NativeMethodAccessorImpl.invoke(NativeMethodAccessorImpl.java:62)
at java.base/jdk.internal.reflect.DelegatingMethodAccessorImpl.invoke(DelegatingMethodAccessorImpl.java:43)
at java.base/java.lang.reflect.Method.invoke(Method.java:566)
at org.testng.internal.MethodInvocationHelper.invokeMethod(MethodInvocationHelper.java:134)
at org.testng.internal.TestInvoker.invokeMethod(TestInvoker.java:597)
at org.testng.internal.TestInvoker.invokeTestMethod(TestInvoker.java:173)
at org.testng.internal.MethodRunner.runInSequence(MethodRunner.java:46)
at org.testng.internal.TestInvoker$MethodInvocationAgent.invoke(TestInvoker.java:816)
at org.testng.internal.TestInvoker.invokeTestMethods(TestInvoker.java:146)
at org.testng.internal.TestMethodWorker.invokeTestMethods(TestMethodWorker.java:146)
at org.testng.internal.TestMethodWorker.run(TestMethodWorker.java:128)
at java.base/java.util.ArrayList.forEach(ArrayList.java:1540)
at org.testng.TestRunner.privateRun(TestRunner.java:766)
at org.testng.TestRunner.run(TestRunner.java:587)
at org.testng.SuiteRunner.runTest(SuiteRunner.java:384)
at org.testng.SuiteRunner.runSequentially(SuiteRunner.java:378)
at org.testng.SuiteRunner.privateRun(SuiteRunner.java:337)
at org.testng.SuiteRunner.run(SuiteRunner.java:286)
at org.testng.SuiteRunnerWorker.runSuite(SuiteRunnerWorker.java:53)
at org.testng.SuiteRunnerWorker.run(SuiteRunnerWorker.java:96)
at org.testng.TestNG.runSuitesSequentially(TestNG.java:1187)
at org.testng.TestNG.runSuitesLocally(TestNG.java:1109)
at org.testng.TestNG.runSuites(TestNG.java:1039)
at org.testng.TestNG.run(TestNG.java:1007)
at org.testng.remote.AbstractRemoteTestNG.run(AbstractRemoteTestNG.java:115)
at org.testng.remote.RemoteTestNG.initAndRun(RemoteTestNG.java:251)
at org.testng.remote.RemoteTestNG.main(RemoteTestNG.java:77)
]]>
    </failure>
  </testcase> <!-- GoToUrlAssertUrlClickAgentsPositiveEnterAgentnameClickSearchButtonClickClientname -->
  <system-out/>
</testsuite> <!-- tests.Searchagent_DefaultProfile -->
