<?xml version="1.0" encoding="UTF-8"?>
<!-- Generated by org.testng.reporters.JUnitReportReporter -->
<testsuite hostname="DESKTOP-A2R1E8A" failures="0" tests="1" name="tests.VerifydirectorsofthecompanyappearingondirectorsreportpageFA69627_DefaultProfile" time="193.337" errors="0" timestamp="2021-08-11T03:45:25 IST" skipped="0">
  <testcase classname="tests.VerifydirectorsofthecompanyappearingondirectorsreportpageFA69627_DefaultProfile" name="GoToUrlAssertUrlPositiveEnterUsernamePositiveEnterPasswordClickLoginButtonPositiveEnterAgentNa" time="193.337"/>
  <system-out/>
</testsuite> <!-- tests.VerifydirectorsofthecompanyappearingondirectorsreportpageFA69627_DefaultProfile -->
