<?xml version="1.0" encoding="UTF-8"?>
<!-- Generated by org.testng.reporters.JUnitReportReporter -->
<testsuite hostname="DESKTOP-A2R1E8A" failures="0" tests="1" name="tests.Verifydynamicfooterpagenationonstatementoffinancialpositionpage26_DefaultProfile" time="83.371" errors="0" timestamp="2021-08-11T16:57:38 IST" skipped="0">
  <testcase classname="tests.Verifydynamicfooterpagenationonstatementoffinancialpositionpage26_DefaultProfile" name="GoToUrlAssertUrlPositiveEnterUsernamePositiveEnterPasswordClickLoginButtonPositiveEnterctl00cP" time="83.371"/>
  <system-out/>
</testsuite> <!-- tests.Verifydynamicfooterpagenationonstatementoffinancialpositionpage26_DefaultProfile -->
