<?xml version="1.0" encoding="UTF-8"?>
<!-- Generated by org.testng.reporters.JUnitReportReporter -->
<testsuite hostname="OB-Nom34" failures="0" tests="1" name="tests.Costofrawmaterialsandconsumables3FA775_DefaultProfile" time="125.702" errors="0" timestamp="2021-10-06T10:15:36 IST" skipped="0">
  <testcase classname="tests.Costofrawmaterialsandconsumables3FA775_DefaultProfile" name="GoToUrlAssertUrl" time="125.702"/>
  <system-out/>
</testsuite> <!-- tests.Costofrawmaterialsandconsumables3FA775_DefaultProfile -->
