<?xml version="1.0" encoding="UTF-8"?>
<!-- Generated by org.testng.reporters.JUnitReportReporter -->
<testsuite hostname="DESKTOP-A2R1E8A" failures="0" tests="1" name="tests.DetailedIncomeStatementSellinganddistributionexpenses4_DefaultProfile" time="118.849" errors="0" timestamp="2021-08-12T06:18:16 IST" skipped="0">
  <testcase classname="tests.DetailedIncomeStatementSellinganddistributionexpenses4_DefaultProfile" name="GoToUrlAssertUrlClickDetailedIncomeStatementClickRentalIncome" time="118.849"/>
  <system-out/>
</testsuite> <!-- tests.DetailedIncomeStatementSellinganddistributionexpenses4_DefaultProfile -->
