<?xml version="1.0" encoding="UTF-8"?>
<!-- Generated by org.testng.reporters.JUnitReportReporter -->
<testsuite hostname="DESKTOP-A2R1E8A" failures="0" tests="1" name="tests.VerifythissectiondoesnotformpartofthestatutoryaccountsFA69671_DefaultProfile" time="130.335" errors="0" timestamp="2021-08-11T11:55:57 IST" skipped="0">
  <testcase classname="tests.VerifythissectiondoesnotformpartofthestatutoryaccountsFA69671_DefaultProfile" name="GoToUrlAssertUrlPositiveEnterUsernameEnterPaswordClickLoginButtonPositiveEnterAgentNameClickS" time="130.335"/>
  <system-out/>
</testsuite> <!-- tests.VerifythissectiondoesnotformpartofthestatutoryaccountsFA69671_DefaultProfile -->
