<?xml version="1.0" encoding="UTF-8"?>
<!-- Generated by org.testng.reporters.JUnitReportReporter -->
<testsuite hostname="DESKTOP-A2R1E8A" failures="0" tests="1" name="tests.Turnover2FA775_DefaultProfile" time="79.778" errors="0" timestamp="2021-08-12T06:18:16 IST" skipped="0">
  <testcase classname="tests.Turnover2FA775_DefaultProfile" name="GoToUrlAssertUrlClickIncomeStatement" time="79.778"/>
  <system-out/>
</testsuite> <!-- tests.Turnover2FA775_DefaultProfile -->
