<?xml version="1.0" encoding="UTF-8"?>
<!-- Generated by org.testng.reporters.JUnitReportReporter -->
<testsuite hostname="DESKTOP-A2R1E8A" failures="0" tests="1" name="tests.VerifydynamicpagenumberingoncontentspageFA69710_DefaultProfile" time="77.128" errors="0" timestamp="2021-08-11T12:55:53 IST" skipped="0">
  <testcase classname="tests.VerifydynamicpagenumberingoncontentspageFA69710_DefaultProfile" name="GoToUrlAssertUrlPositiveEnterUsernamePositiveEnterPasswordClickLoginButtonPositiveEnterAgentNa" time="77.128"/>
  <system-out/>
</testsuite> <!-- tests.VerifydynamicpagenumberingoncontentspageFA69710_DefaultProfile -->
