<?xml version="1.0" encoding="UTF-8"?>
<!-- Generated by org.testng.reporters.JUnitReportReporter -->
<testsuite hostname="DESKTOP-A2R1E8A" failures="0" tests="1" name="tests.Verifyregistrationnumberappearingoncoverpage1_DefaultProfile" time="87.093" errors="0" timestamp="2021-08-11T16:57:38 IST" skipped="0">
  <testcase classname="tests.Verifyregistrationnumberappearingoncoverpage1_DefaultProfile" name="GoToUrlAssertUrlPositiveEnterUsernamePositiveEnterPasswordClickLoginButtonPositiveEnterctl00cP" time="87.093"/>
  <system-out/>
</testsuite> <!-- tests.Verifyregistrationnumberappearingoncoverpage1_DefaultProfile -->
