<?xml version="1.0" encoding="UTF-8"?>
<!-- Generated by org.testng.reporters.JUnitReportReporter -->
<testsuite hostname="DESKTOP-A2R1E8A" failures="0" tests="1" name="tests.Depreciationandotheramountswrittenoffassets1FA775_DefaultProfile" time="125.914" errors="0" timestamp="2021-08-12T06:18:15 IST" skipped="0">
  <testcase classname="tests.Depreciationandotheramountswrittenoffassets1FA775_DefaultProfile" name="GoToUrlAssertUrlClickDepreciationandotheramountswrittenoffassets" time="125.914"/>
  <system-out/>
</testsuite> <!-- tests.Depreciationandotheramountswrittenoffassets1FA775_DefaultProfile -->
