<?xml version="1.0" encoding="UTF-8"?>
<!-- Generated by org.testng.reporters.JUnitReportReporter -->
<testsuite hostname="DESKTOP-A2R1E8A" failures="0" tests="1" name="tests.VerifyLossesdeficitsandexcessamountsiseditableafterunlockingthereturnFA71514_DefaultProfile" time="95.078" errors="0" timestamp="2021-05-20T19:03:57 IST" skipped="0">
  <testcase classname="tests.VerifyLossesdeficitsandexcessamountsiseditableafterunlockingthereturnFA71514_DefaultProfile" name="GoToUrlAssertUrlPositiveEnterUsernamePositiveEnterPasswordClickLoginButtonPositiveEnterAgentNa" time="95.078"/>
  <system-out/>
</testsuite> <!-- tests.VerifyLossesdeficitsandexcessamountsiseditableafterunlockingthereturnFA71514_DefaultProfile -->
