<?xml version="1.0" encoding="UTF-8"?>
<!-- Generated by org.testng.reporters.JUnitReportReporter -->
<testsuite hostname="DESKTOP-A2R1E8A" failures="0" tests="1" name="tests.VerifyTaxCalculationiseditableafterunlockingthereturnFA71510_DefaultProfile" time="103.736" errors="0" timestamp="2021-05-20T19:03:57 IST" skipped="0">
  <testcase classname="tests.VerifyTaxCalculationiseditableafterunlockingthereturnFA71510_DefaultProfile" name="GoToUrlAssertUrlPositiveEnterUsernamePositiveEnterPasswordClickLoginButtonPositiveEnterAgentNa" time="103.736"/>
  <system-out/>
</testsuite> <!-- tests.VerifyTaxCalculationiseditableafterunlockingthereturnFA71510_DefaultProfile -->
